<?xml version="1.0" encoding="UTF-8"?>
<!-- Generated by org.testng.reporters.JUnitXMLReporter -->
<testsuite ignored="0" hostname="Nilambars-MacBook-Air.local" failures="0" tests="8" name="Command line test" time="12.409" errors="0" timestamp="2024-08-21T12:21:28 IST">
  <testcase classname="com.ecommerce.tests.RegistrationTest" name="tc_01_verifyregistrationTest" time="1.397"/>
  <testcase classname="com.ecommerce.tests.RegistrationTest" name="tc_02_VerifyUserLogin" time="0.534"/>
  <testcase classname="com.ecommerce.tests.ProductTests" name="createProduct" time="0.159"/>
  <testcase classname="com.ecommerce.tests.ProductTests" name="deleteProduct" time="0.012"/>
  <testcase classname="com.ecommerce.tests.ProductTests" name="getAllProduct" time="0.045"/>
  <testcase classname="com.ecommerce.tests.CategoryTests" name="createCategory" time="10.086"/>
  <testcase classname="com.ecommerce.tests.ProfileTests" name="getProfileData" time="0.066"/>
  <testcase classname="com.ecommerce.tests.ProfileTests" name="updateProfileData" time="0.081"/>
</testsuite> <!-- Command line test -->
